[2] SERVER -> CLIENT: 220 smtp.gmail.com ESMTP d9443c01a7336-231d4ed4ecfsm42144515ad.234 - gsmtp

[1] CLIENT -> SERVER: EHLO localhost

[2] SERVER -> CLIENT: 250-smtp.gmail.com at your service, [24.114.37.62]
250-SIZE 35882577
250-8BITMIME
250-AUTH LOGIN PLAIN XOAUTH2 PLAIN-CLIENTTOKEN OAUTHBEARER XOAUTH
250-ENHANCEDSTATUSCODES
250-PIPELINING
250-CHUNKING
250 SMTPUTF8

[1] CLIENT -> SERVER: AUTH LOGIN

[2] SERVER -> CLIENT: 334 VXNlcm5hbWU6

[1] CLIENT -> SERVER: [credentials hidden]
[2] SERVER -> CLIENT: 334 UGFzc3dvcmQ6

[1] CLIENT -> SERVER: [credentials hidden]
[2] SERVER -> CLIENT: 235 2.7.0 Accepted

[1] CLIENT -> SERVER: MAIL FROM:<sndatabaye@worlddisastercenter.org>

[2] SERVER -> CLIENT: 250 2.1.0 OK d9443c01a7336-231d4ed4ecfsm42144515ad.234 - gsmtp

[1] CLIENT -> SERVER: RCPT TO:<services@worlddisastercenter.org>

[2] SERVER -> CLIENT: 250 2.1.5 OK d9443c01a7336-231d4ed4ecfsm42144515ad.234 - gsmtp

[1] CLIENT -> SERVER: RCPT TO:<office@worlddisastercenter.org>

[2] SERVER -> CLIENT: 250 2.1.5 OK d9443c01a7336-231d4ed4ecfsm42144515ad.234 - gsmtp

[1] CLIENT -> SERVER: RCPT TO:<dngaka@worlddisastercenter.org>

[2] SERVER -> CLIENT: 250 2.1.5 OK d9443c01a7336-231d4ed4ecfsm42144515ad.234 - gsmtp

[1] CLIENT -> SERVER: RCPT TO:<finance@worlddisastercenter.org>

[2] SERVER -> CLIENT: 250 2.1.5 OK d9443c01a7336-231d4ed4ecfsm42144515ad.234 - gsmtp

[1] CLIENT -> SERVER: RCPT TO:<admin@worlddisastercenter.org>

[2] SERVER -> CLIENT: 250 2.1.5 OK d9443c01a7336-231d4ed4ecfsm42144515ad.234 - gsmtp

[1] CLIENT -> SERVER: DATA

[2] SERVER -> CLIENT: 354 Go ahead d9443c01a7336-231d4ed4ecfsm42144515ad.234 - gsmtp

[1] CLIENT -> SERVER: Date: Sun, 18 May 2025 11:13:21 +0000

[1] CLIENT -> SERVER: To: services@worlddisastercenter.org

[1] CLIENT -> SERVER: From: SAPIENS NDATABAYE <sndatabaye@worlddisastercenter.org>

[1] CLIENT -> SERVER: Cc: office@worlddisastercenter.org, dngaka@worlddisastercenter.org, finance@worlddisastercenter.org, admin@worlddisastercenter.org

[1] CLIENT -> SERVER: Reply-To: SAPIENS NDATABAYE <sndatabaye@worlddisastercenter.org>

[1] CLIENT -> SERVER: Subject: New Pricing Proposal: Risk Index Development for Countries or Sectors from WORLD DISASTER CENTER

[1] CLIENT -> SERVER: Message-ID: <yxQo5JKM0SKpAKyzJFiDqzDvzUbIJHdU03ks8jQ9lZk@localhost>

[1] CLIENT -> SERVER: X-Mailer: PHPMailer 6.10.0 (https://github.com/PHPMailer/PHPMailer)

[1] CLIENT -> SERVER: MIME-Version: 1.0

[1] CLIENT -> SERVER: Content-Type: text/plain; charset=iso-8859-1

[1] CLIENT -> SERVER: 

[1] CLIENT -> SERVER: WDC Pricing Proposal Submission

[1] CLIENT -> SERVER: 

[1] CLIENT -> SERVER: Service Details:

[1] CLIENT -> SERVER: -----------------

[1] CLIENT -> SERVER: Category: Risk Assessment and Mapping

[1] CLIENT -> SERVER: Service: Risk Index Development for Countries or Sectors

[1] CLIENT -> SERVER: Billing Mode: Per Day

[1] CLIENT -> SERVER: Phase: Response

[1] CLIENT -> SERVER: Start Date: 2025-05-23

[1] CLIENT -> SERVER: Requestor Type: Very Small Requestor (e.g., Community Group, Solo Volunteer)

[1] CLIENT -> SERVER: Country Type: Low-income

[1] CLIENT -> SERVER: Sector Type: WASH/Environment

[1] CLIENT -> SERVER: Organization Size: Small

[1] CLIENT -> SERVER: Deployment Speed: Normal

[1] CLIENT -> SERVER: Quality: Standard

[1] CLIENT -> SERVER: Experience Level: Junior

[1] CLIENT -> SERVER: Physical Presence: Yes

[1] CLIENT -> SERVER: Live Support: Yes

[1] CLIENT -> SERVER: Calculated Price: 3190.67

[1] CLIENT -> SERVER: 

[1] CLIENT -> SERVER: Client Information:

[1] CLIENT -> SERVER: -----------------

[1] CLIENT -> SERVER: Name: SAPIENS NDATABAYE

[1] CLIENT -> SERVER: Organization: WORLD DISASTER CENTER

[1] CLIENT -> SERVER: Email: sndatabaye@worlddisastercenter.org

[1] CLIENT -> SERVER: Role: CEO

[1] CLIENT -> SERVER: 

[1] CLIENT -> SERVER: Proposal Details:

[1] CLIENT -> SERVER: -----------------

[1] CLIENT -> SERVER: Proposed Price: 3000

[1] CLIENT -> SERVER: Explanation: ok

[1] CLIENT -> SERVER: 

[1] CLIENT -> SERVER: Submission Time: 2025-05-18 11:13:21

[1] CLIENT -> SERVER: 

[1] CLIENT -> SERVER: .

[2] SERVER -> CLIENT: 250 2.0.0 OK  1747566811 d9443c01a7336-231d4ed4ecfsm42144515ad.234 - gsmtp

[1] CLIENT -> SERVER: QUIT

[2] SERVER -> CLIENT: 221 2.0.0 closing connection d9443c01a7336-231d4ed4ecfsm42144515ad.234 - gsmtp

[2] SERVER -> CLIENT: 220 smtp.gmail.com ESMTP d9443c01a7336-231d4adb3a2sm42147325ad.57 - gsmtp

[1] CLIENT -> SERVER: EHLO localhost

[2] SERVER -> CLIENT: 250-smtp.gmail.com at your service, [24.114.37.62]
250-SIZE 35882577
250-8BITMIME
250-AUTH LOGIN PLAIN XOAUTH2 PLAIN-CLIENTTOKEN OAUTHBEARER XOAUTH
250-ENHANCEDSTATUSCODES
250-PIPELINING
250-CHUNKING
250 SMTPUTF8

[1] CLIENT -> SERVER: AUTH LOGIN

[2] SERVER -> CLIENT: 334 VXNlcm5hbWU6

[1] CLIENT -> SERVER: [credentials hidden]
[2] SERVER -> CLIENT: 334 UGFzc3dvcmQ6

[1] CLIENT -> SERVER: [credentials hidden]
[2] SERVER -> CLIENT: 235 2.7.0 Accepted

[1] CLIENT -> SERVER: MAIL FROM:<sndatabaye@worlddisastercenter.org>

[2] SERVER -> CLIENT: 250 2.1.0 OK d9443c01a7336-231d4adb3a2sm42147325ad.57 - gsmtp

[1] CLIENT -> SERVER: RCPT TO:<sndatabaye@worlddisastercenter.org>

[2] SERVER -> CLIENT: 250 2.1.5 OK d9443c01a7336-231d4adb3a2sm42147325ad.57 - gsmtp

[1] CLIENT -> SERVER: RCPT TO:<office@worlddisastercenter.org>

[2] SERVER -> CLIENT: 250 2.1.5 OK d9443c01a7336-231d4adb3a2sm42147325ad.57 - gsmtp

[1] CLIENT -> SERVER: RCPT TO:<dngaka@worlddisastercenter.org>

[2] SERVER -> CLIENT: 250 2.1.5 OK d9443c01a7336-231d4adb3a2sm42147325ad.57 - gsmtp

[1] CLIENT -> SERVER: RCPT TO:<finance@worlddisastercenter.org>

[2] SERVER -> CLIENT: 250 2.1.5 OK d9443c01a7336-231d4adb3a2sm42147325ad.57 - gsmtp

[1] CLIENT -> SERVER: RCPT TO:<admin@worlddisastercenter.org>

[2] SERVER -> CLIENT: 250 2.1.5 OK d9443c01a7336-231d4adb3a2sm42147325ad.57 - gsmtp

[1] CLIENT -> SERVER: DATA

[2] SERVER -> CLIENT: 354 Go ahead d9443c01a7336-231d4adb3a2sm42147325ad.57 - gsmtp

[1] CLIENT -> SERVER: Date: Sun, 18 May 2025 11:13:31 +0000

[1] CLIENT -> SERVER: To: SAPIENS NDATABAYE <sndatabaye@worlddisastercenter.org>

[1] CLIENT -> SERVER: From: SAPIENS NDATABAYE <sndatabaye@worlddisastercenter.org>

[1] CLIENT -> SERVER: Cc: office@worlddisastercenter.org, dngaka@worlddisastercenter.org, finance@worlddisastercenter.org, admin@worlddisastercenter.org

[1] CLIENT -> SERVER: Reply-To: SAPIENS NDATABAYE <sndatabaye@worlddisastercenter.org>

[1] CLIENT -> SERVER: Subject: WDC Proposal Submission Confirmation

[1] CLIENT -> SERVER: Message-ID: <oPrN8U1v2Yok4891H8oPEpu0G5cB7zfDeTaXMV5UA@localhost>

[1] CLIENT -> SERVER: X-Mailer: PHPMailer 6.10.0 (https://github.com/PHPMailer/PHPMailer)

[1] CLIENT -> SERVER: MIME-Version: 1.0

[1] CLIENT -> SERVER: Content-Type: text/plain; charset=iso-8859-1

[1] CLIENT -> SERVER: 

[1] CLIENT -> SERVER: Thank You for Your WDC Pricing Proposal Submission

[1] CLIENT -> SERVER: 

[1] CLIENT -> SERVER: Dear SAPIENS NDATABAYE,

[1] CLIENT -> SERVER: 

[1] CLIENT -> SERVER: Thank you for submitting your proposal to the World Disaster Center. Below is a recap of your submission:

[1] CLIENT -> SERVER: 

[1] CLIENT -> SERVER: WDC Pricing Proposal Submission

[1] CLIENT -> SERVER: 

[1] CLIENT -> SERVER: Service Details:

[1] CLIENT -> SERVER: -----------------

[1] CLIENT -> SERVER: Category: Risk Assessment and Mapping

[1] CLIENT -> SERVER: Service: Risk Index Development for Countries or Sectors

[1] CLIENT -> SERVER: Billing Mode: Per Day

[1] CLIENT -> SERVER: Phase: Response

[1] CLIENT -> SERVER: Start Date: 2025-05-23

[1] CLIENT -> SERVER: Requestor Type: Very Small Requestor (e.g., Community Group, Solo Volunteer)

[1] CLIENT -> SERVER: Country Type: Low-income

[1] CLIENT -> SERVER: Sector Type: WASH/Environment

[1] CLIENT -> SERVER: Organization Size: Small

[1] CLIENT -> SERVER: Deployment Speed: Normal

[1] CLIENT -> SERVER: Quality: Standard

[1] CLIENT -> SERVER: Experience Level: Junior

[1] CLIENT -> SERVER: Physical Presence: Yes

[1] CLIENT -> SERVER: Live Support: Yes

[1] CLIENT -> SERVER: Calculated Price: 3190.67

[1] CLIENT -> SERVER: 

[1] CLIENT -> SERVER: Client Information:

[1] CLIENT -> SERVER: -----------------

[1] CLIENT -> SERVER: Name: SAPIENS NDATABAYE

[1] CLIENT -> SERVER: Organization: WORLD DISASTER CENTER

[1] CLIENT -> SERVER: Email: sndatabaye@worlddisastercenter.org

[1] CLIENT -> SERVER: Role: CEO

[1] CLIENT -> SERVER: 

[1] CLIENT -> SERVER: Proposal Details:

[1] CLIENT -> SERVER: -----------------

[1] CLIENT -> SERVER: Proposed Price: 3000

[1] CLIENT -> SERVER: Explanation: ok

[1] CLIENT -> SERVER: 

[1] CLIENT -> SERVER: Submission Time: 2025-05-18 11:13:21

[1] CLIENT -> SERVER: 

[1] CLIENT -> SERVER: Our team will review your proposal and contact you soon.

[1] CLIENT -> SERVER: 

[1] CLIENT -> SERVER: Best regards,

[1] CLIENT -> SERVER: World Disaster Center Team

[1] CLIENT -> SERVER: 

[1] CLIENT -> SERVER: .

[2] SERVER -> CLIENT: 250 2.0.0 OK  1747566819 d9443c01a7336-231d4adb3a2sm42147325ad.57 - gsmtp

[1] CLIENT -> SERVER: QUIT

[2] SERVER -> CLIENT: 221 2.0.0 closing connection d9443c01a7336-231d4adb3a2sm42147325ad.57 - gsmtp

